#
# A fatal error has been detected by the Java Runtime Environment:
#
#  Internal Error (t:/workspace/open/src/hotspot/share/interpreter/oopMapCache.cpp:110), pid=23912, tid=2880
#  Error: ShouldNotReachHere()
#
# JRE version: OpenJDK Runtime Environment (13.0.2+8) (build 13.0.2+8)
# Java VM: OpenJDK 64-Bit Server VM (13.0.2+8, mixed mode, sharing, tiered, compressed oops, g1 gc, windows-amd64)
# No core dump will be written. Minidumps are not enabled by default on client versions of Windows
#
# If you would like to submit a bug report, please visit:
#   http://bugreport.java.com/bugreport/crash.jsp
#

---------------  S U M M A R Y ------------

Command Line: -agentlib:jdwp=transport=dt_socket,suspend=y,address=localhost:52592 -ea -javaagent:C:\APPLIRTE64\appli\eclipse\eclipse 2020-09 (java)\configuration\org.eclipse.osgi\526\0\.cp\lib\javaagent-shaded.jar -Dfile.encoding=UTF-8 org.eclipse.jdt.internal.junit.runner.RemoteTestRunner -version 3 -port 52591 -testLoaderClass org.eclipse.jdt.internal.junit5.runner.JUnit5TestLoader -loaderpluginname org.eclipse.jdt.junit5.runtime -test com.graphql_java_generator.plugin.compilation_tests.AllGraphQLCasesClient_separateUtilityClasses_Test:testGenerateCode -uniqueId [engine:junit-jupiter]/[class:com.graphql_java_generator.plugin.compilation_tests.AllGraphQLCasesClient_separateUtilityClasses_Test]/[method:testGenerateCode()]

Host: Intel(R) Core(TM) i5-6300U CPU @ 2.40GHz, 4 cores, 7G,  Windows 10 , 64 bit Build 18362 (10.0.18362.1350)
Time: Thu Apr  1 21:58:08 2021 Paris, Madrid (heure d?été) elapsed time: 144 seconds (0d 0h 2m 24s)

---------------  T H R E A D  ---------------

Current thread (0x000001fef01a9800):  JavaThread "JDWP Transport Listener: dt_socket" daemon [_thread_in_vm, id=2880, stack(0x0000007f45500000,0x0000007f45600000)] _threads_hazard_ptr=0x000001fef456fc70

Stack: [0x0000007f45500000,0x0000007f45600000]
Native frames: (J=compiled Java code, j=interpreted, Vv=VM code, C=native code)
V  [jvm.dll+0x624f9a]
V  [jvm.dll+0x770cfa]
V  [jvm.dll+0x7724af]
V  [jvm.dll+0x772a67]
V  [jvm.dll+0x24be8c]
V  [jvm.dll+0x24bdf3]
V  [jvm.dll+0x61420f]
V  [jvm.dll+0x613f6d]
V  [jvm.dll+0x5ddb03]
V  [jvm.dll+0x76840f]
V  [jvm.dll+0x4f6476]
V  [jvm.dll+0x7776dd]
V  [jvm.dll+0x4dc54e]
V  [jvm.dll+0x4a0d60]
C  [jdwp.dll+0x751f]


---------------  P R O C E S S  ---------------

Threads class SMR info:
_java_thread_list=0x000001fef456fc70, length=14, elements={
0x000001fed0891000, 0x000001feef59d800, 0x000001feef5a2000, 0x000001feef5b2000,
0x000001feef5b3800, 0x000001feef5b6000, 0x000001feef5bd000, 0x000001feefef1000,
0x000001fef016b800, 0x000001fef01a9800, 0x000001fef01ac800, 0x000001fef01ad800,
0x000001fef016a000, 0x000001fef016a800
}

Java Threads: ( => current thread )
  0x000001fed0891000 JavaThread "main" [_thread_blocked, id=18484, stack(0x0000007f44600000,0x0000007f44700000)]
  0x000001feef59d800 JavaThread "Reference Handler" daemon [_thread_blocked, id=15168, stack(0x0000007f44d00000,0x0000007f44e00000)]
  0x000001feef5a2000 JavaThread "Finalizer" daemon [_thread_blocked, id=22060, stack(0x0000007f44e00000,0x0000007f44f00000)]
  0x000001feef5b2000 JavaThread "Signal Dispatcher" daemon [_thread_blocked, id=6416, stack(0x0000007f44f00000,0x0000007f45000000)]
  0x000001feef5b3800 JavaThread "Attach Listener" daemon [_thread_blocked, id=14796, stack(0x0000007f45000000,0x0000007f45100000)]
  0x000001feef5b6000 JavaThread "C2 CompilerThread0" daemon [_thread_blocked, id=15796, stack(0x0000007f45100000,0x0000007f45200000)]
  0x000001feef5bd000 JavaThread "C1 CompilerThread0" daemon [_thread_blocked, id=18756, stack(0x0000007f45200000,0x0000007f45300000)]
  0x000001feefef1000 JavaThread "Sweeper thread" daemon [_thread_blocked, id=21452, stack(0x0000007f45300000,0x0000007f45400000)]
  0x000001fef016b800 JavaThread "Common-Cleaner" daemon [_thread_blocked, id=11724, stack(0x0000007f45400000,0x0000007f45500000)]
=>0x000001fef01a9800 JavaThread "JDWP Transport Listener: dt_socket" daemon [_thread_in_vm, id=2880, stack(0x0000007f45500000,0x0000007f45600000)] _threads_hazard_ptr=0x000001fef456fc70
  0x000001fef01ac800 JavaThread "JDWP Event Helper Thread" daemon [_thread_blocked, id=20768, stack(0x0000007f45600000,0x0000007f45700000)]
  0x000001fef01ad800 JavaThread "JDWP Command Reader" daemon [_thread_in_native, id=22288, stack(0x0000007f45700000,0x0000007f45800000)]
  0x000001fef016a000 JavaThread "Service Thread" daemon [_thread_blocked, id=22080, stack(0x0000007f45800000,0x0000007f45900000)]
  0x000001fef016a800 JavaThread "ReaderThread" [_thread_in_native, id=16492, stack(0x0000007f45a00000,0x0000007f45b00000)]

Other Threads:
  0x000001feef593000 VMThread "VM Thread" [stack: 0x0000007f44c00000,0x0000007f44d00000] [id=16480]
  0x000001fef0b77800 WatcherThread [stack: 0x0000007f45900000,0x0000007f45a00000] [id=23024]
  0x000001fed08cf000 GCTaskThread "GC Thread#0" [stack: 0x0000007f44700000,0x0000007f44800000] [id=20376]
  0x000001fef0b84000 GCTaskThread "GC Thread#1" [stack: 0x0000007f45b00000,0x0000007f45c00000] [id=21088]
  0x000001fef0b81000 GCTaskThread "GC Thread#2" [stack: 0x0000007f45c00000,0x0000007f45d00000] [id=9564]
  0x000001fef0b87000 GCTaskThread "GC Thread#3" [stack: 0x0000007f45d00000,0x0000007f45e00000] [id=24024]
  0x000001fed08e0000 ConcurrentGCThread "G1 Main Marker" [stack: 0x0000007f44800000,0x0000007f44900000] [id=22836]
  0x000001fed08e2800 ConcurrentGCThread "G1 Conc#0" [stack: 0x0000007f44900000,0x0000007f44a00000] [id=9384]
  0x000001feef40f800 ConcurrentGCThread "G1 Refine#0" [stack: 0x0000007f44a00000,0x0000007f44b00000] [id=17144]
  0x000001feef412800 ConcurrentGCThread "G1 Young RemSet Sampling" [stack: 0x0000007f44b00000,0x0000007f44c00000] [id=1392]

Threads with active compile tasks:

VM state:not at safepoint (normal execution)

VM Mutex/Monitor currently owned by a thread: None

Heap address: 0x0000000081c00000, size: 2020 MB, Compressed Oops mode: 32-bit
Narrow klass base: 0x0000000800000000, Narrow klass shift: 3
Compressed class space size: 1073741824 Address: 0x0000000800b40000

Heap:
 garbage-first heap   total 65536K, used 20087K [0x0000000081c00000, 0x0000000100000000)
  region size 1024K, 4 young (4096K), 3 survivors (3072K)
 Metaspace       used 28570K, capacity 29474K, committed 29616K, reserved 1075200K
  class space    used 3399K, capacity 3727K, committed 3840K, reserved 1048576K
Heap Regions: E=young(eden), S=young(survivor), O=old, HS=humongous(starts), HC=humongous(continues), CS=collection set, F=free, A=archive, TAMS=top-at-mark-start (previous, next)
|   0|0x0000000081c00000, 0x0000000081d00000, 0x0000000081d00000|100%|HS|  |TAMS 0x0000000081d00000, 0x0000000081c00000| Complete 
|   1|0x0000000081d00000, 0x0000000081e00000, 0x0000000081e00000|100%| O|  |TAMS 0x0000000081e00000, 0x0000000081d00000| Untracked 
|   2|0x0000000081e00000, 0x0000000081f00000, 0x0000000081f00000|100%| O|  |TAMS 0x0000000081f00000, 0x0000000081e00000| Untracked 
|   3|0x0000000081f00000, 0x0000000082000000, 0x0000000082000000|100%| O|  |TAMS 0x0000000082000000, 0x0000000081f00000| Untracked 
|   4|0x0000000082000000, 0x0000000082100000, 0x0000000082100000|100%| O|  |TAMS 0x0000000082100000, 0x0000000082000000| Untracked 
|   5|0x0000000082100000, 0x0000000082200000, 0x0000000082200000|100%| O|  |TAMS 0x0000000082200000, 0x0000000082100000| Untracked 
|   6|0x0000000082200000, 0x0000000082300000, 0x0000000082300000|100%| O|  |TAMS 0x0000000082300000, 0x0000000082200000| Untracked 
|   7|0x0000000082300000, 0x0000000082400000, 0x0000000082400000|100%| O|  |TAMS 0x0000000082400000, 0x0000000082300000| Untracked 
|   8|0x0000000082400000, 0x0000000082435600, 0x0000000082500000| 20%| O|  |TAMS 0x0000000082435600, 0x0000000082400000| Untracked 
|   9|0x0000000082500000, 0x0000000082600000, 0x0000000082600000|100%| O|  |TAMS 0x0000000082500000, 0x0000000082500000| Untracked 
|  10|0x0000000082600000, 0x0000000082700000, 0x0000000082700000|100%| O|  |TAMS 0x0000000082600000, 0x0000000082600000| Untracked 
|  11|0x0000000082700000, 0x0000000082800000, 0x0000000082800000|100%| O|  |TAMS 0x0000000082700000, 0x0000000082700000| Untracked 
|  12|0x0000000082800000, 0x0000000082900000, 0x0000000082900000|100%| O|  |TAMS 0x0000000082800000, 0x0000000082800000| Untracked 
|  13|0x0000000082900000, 0x0000000082a00000, 0x0000000082a00000|100%| O|  |TAMS 0x0000000082900000, 0x0000000082900000| Untracked 
|  14|0x0000000082a00000, 0x0000000082b00000, 0x0000000082b00000|100%| O|  |TAMS 0x0000000082a00000, 0x0000000082a00000| Untracked 
|  15|0x0000000082b00000, 0x0000000082c00000, 0x0000000082c00000|100%| O|  |TAMS 0x0000000082b00000, 0x0000000082b00000| Untracked 
|  16|0x0000000082c00000, 0x0000000082d00000, 0x0000000082d00000|100%| O|  |TAMS 0x0000000082c00000, 0x0000000082c00000| Untracked 
|  17|0x0000000082d00000, 0x0000000082db2600, 0x0000000082e00000| 69%| O|  |TAMS 0x0000000082d00000, 0x0000000082d00000| Untracked 
|  18|0x0000000082e00000, 0x0000000082e00000, 0x0000000082f00000|  0%| F|  |TAMS 0x0000000082e00000, 0x0000000082e00000| Untracked 
|  19|0x0000000082f00000, 0x0000000082f00000, 0x0000000083000000|  0%| F|  |TAMS 0x0000000082f00000, 0x0000000082f00000| Untracked 
|  20|0x0000000083000000, 0x0000000083000000, 0x0000000083100000|  0%| F|  |TAMS 0x0000000083000000, 0x0000000083000000| Untracked 
|  21|0x0000000083100000, 0x0000000083100000, 0x0000000083200000|  0%| F|  |TAMS 0x0000000083100000, 0x0000000083100000| Untracked 
|  22|0x0000000083200000, 0x0000000083200000, 0x0000000083300000|  0%| F|  |TAMS 0x0000000083200000, 0x0000000083200000| Untracked 
|  23|0x0000000083300000, 0x0000000083300000, 0x0000000083400000|  0%| F|  |TAMS 0x0000000083300000, 0x0000000083300000| Untracked 
|  24|0x0000000083400000, 0x0000000083400000, 0x0000000083500000|  0%| F|  |TAMS 0x0000000083400000, 0x0000000083400000| Untracked 
|  25|0x0000000083500000, 0x0000000083500000, 0x0000000083600000|  0%| F|  |TAMS 0x0000000083500000, 0x0000000083500000| Untracked 
|  26|0x0000000083600000, 0x0000000083600000, 0x0000000083700000|  0%| F|  |TAMS 0x0000000083600000, 0x0000000083600000| Untracked 
|  27|0x0000000083700000, 0x0000000083700000, 0x0000000083800000|  0%| F|  |TAMS 0x0000000083700000, 0x0000000083700000| Untracked 
|  28|0x0000000083800000, 0x0000000083800000, 0x0000000083900000|  0%| F|  |TAMS 0x0000000083800000, 0x0000000083800000| Untracked 
|  29|0x0000000083900000, 0x00000000839b6040, 0x0000000083a00000| 71%| S|CS|TAMS 0x0000000083900000, 0x0000000083900000| Complete 
|  30|0x0000000083a00000, 0x0000000083a00000, 0x0000000083b00000|  0%| F|  |TAMS 0x0000000083a00000, 0x0000000083a00000| Untracked 
|  31|0x0000000083b00000, 0x0000000083b00000, 0x0000000083c00000|  0%| F|  |TAMS 0x0000000083b00000, 0x0000000083b00000| Untracked 
|  32|0x0000000083c00000, 0x0000000083d00000, 0x0000000083d00000|100%| S|CS|TAMS 0x0000000083c00000, 0x0000000083c00000| Complete 
|  33|0x0000000083d00000, 0x0000000083e00000, 0x0000000083e00000|100%| S|CS|TAMS 0x0000000083d00000, 0x0000000083d00000| Complete 
|  34|0x0000000083e00000, 0x0000000083e00000, 0x0000000083f00000|  0%| F|  |TAMS 0x0000000083e00000, 0x0000000083e00000| Untracked 
|  35|0x0000000083f00000, 0x0000000083f00000, 0x0000000084000000|  0%| F|  |TAMS 0x0000000083f00000, 0x0000000083f00000| Untracked 
|  36|0x0000000084000000, 0x0000000084000000, 0x0000000084100000|  0%| F|  |TAMS 0x0000000084000000, 0x0000000084000000| Untracked 
|  37|0x0000000084100000, 0x0000000084100000, 0x0000000084200000|  0%| F|  |TAMS 0x0000000084100000, 0x0000000084100000| Untracked 
|  38|0x0000000084200000, 0x0000000084200000, 0x0000000084300000|  0%| F|  |TAMS 0x0000000084200000, 0x0000000084200000| Untracked 
|  39|0x0000000084300000, 0x0000000084300000, 0x0000000084400000|  0%| F|  |TAMS 0x0000000084300000, 0x0000000084300000| Untracked 
|  40|0x0000000084400000, 0x0000000084400000, 0x0000000084500000|  0%| F|  |TAMS 0x0000000084400000, 0x0000000084400000| Untracked 
|  41|0x0000000084500000, 0x0000000084500000, 0x0000000084600000|  0%| F|  |TAMS 0x0000000084500000, 0x0000000084500000| Untracked 
|  42|0x0000000084600000, 0x0000000084600000, 0x0000000084700000|  0%| F|  |TAMS 0x0000000084600000, 0x0000000084600000| Untracked 
|  43|0x0000000084700000, 0x0000000084700000, 0x0000000084800000|  0%| F|  |TAMS 0x0000000084700000, 0x0000000084700000| Untracked 
|  44|0x0000000084800000, 0x0000000084800000, 0x0000000084900000|  0%| F|  |TAMS 0x0000000084800000, 0x0000000084800000| Untracked 
|  45|0x0000000084900000, 0x0000000084900000, 0x0000000084a00000|  0%| F|  |TAMS 0x0000000084900000, 0x0000000084900000| Untracked 
|  46|0x0000000084a00000, 0x0000000084a00000, 0x0000000084b00000|  0%| F|  |TAMS 0x0000000084a00000, 0x0000000084a00000| Untracked 
|  47|0x0000000084b00000, 0x0000000084b00000, 0x0000000084c00000|  0%| F|  |TAMS 0x0000000084b00000, 0x0000000084b00000| Untracked 
|  48|0x0000000084c00000, 0x0000000084c00000, 0x0000000084d00000|  0%| F|  |TAMS 0x0000000084c00000, 0x0000000084c00000| Untracked 
|  49|0x0000000084d00000, 0x0000000084d00000, 0x0000000084e00000|  0%| F|  |TAMS 0x0000000084d00000, 0x0000000084d00000| Untracked 
|  50|0x0000000084e00000, 0x0000000084e00000, 0x0000000084f00000|  0%| F|  |TAMS 0x0000000084e00000, 0x0000000084e00000| Untracked 
|  51|0x0000000084f00000, 0x0000000084f00000, 0x0000000085000000|  0%| F|  |TAMS 0x0000000084f00000, 0x0000000084f00000| Untracked 
|  52|0x0000000085000000, 0x0000000085000000, 0x0000000085100000|  0%| F|  |TAMS 0x0000000085000000, 0x0000000085000000| Untracked 
|  53|0x0000000085100000, 0x0000000085100000, 0x0000000085200000|  0%| F|  |TAMS 0x0000000085100000, 0x0000000085100000| Untracked 
|  67|0x0000000085f00000, 0x0000000085f00000, 0x0000000086000000|  0%| F|  |TAMS 0x0000000085f00000, 0x0000000085f00000| Untracked 
|  68|0x0000000086000000, 0x0000000086000000, 0x0000000086100000|  0%| F|  |TAMS 0x0000000086000000, 0x0000000086000000| Untracked 
|  69|0x0000000086100000, 0x0000000086100000, 0x0000000086200000|  0%| F|  |TAMS 0x0000000086100000, 0x0000000086100000| Untracked 
|  70|0x0000000086200000, 0x0000000086200000, 0x0000000086300000|  0%| F|  |TAMS 0x0000000086200000, 0x0000000086200000| Untracked 
|  71|0x0000000086300000, 0x0000000086300000, 0x0000000086400000|  0%| F|  |TAMS 0x0000000086300000, 0x0000000086300000| Untracked 
|  72|0x0000000086400000, 0x0000000086400000, 0x0000000086500000|  0%| F|  |TAMS 0x0000000086400000, 0x0000000086400000| Untracked 
|  73|0x0000000086500000, 0x0000000086500000, 0x0000000086600000|  0%| F|  |TAMS 0x0000000086500000, 0x0000000086500000| Untracked 
|  74|0x0000000086600000, 0x0000000086600000, 0x0000000086700000|  0%| F|  |TAMS 0x0000000086600000, 0x0000000086600000| Untracked 
|  75|0x0000000086700000, 0x0000000086700000, 0x0000000086800000|  0%| F|  |TAMS 0x0000000086700000, 0x0000000086700000| Untracked 
| 127|0x0000000089b00000, 0x0000000089bf1420, 0x0000000089c00000| 94%| E|  |TAMS 0x0000000089b00000, 0x0000000089b00000| Complete 

Card table byte_map: [0x000001fee8860000,0x000001fee8c60000] _byte_map_base: 0x000001fee8452000

Marking Bits (Prev, Next): (CMBitMap*) 0x000001feceefe8c8, (CMBitMap*) 0x000001feceefe888
 Prev Bits: [0x000001feeaff0000, 0x000001feecf80000)
 Next Bits: [0x000001fee9060000, 0x000001feeaff0000)

Polling page: 0x000001fecf060000

Metaspace:

Usage:
  Non-class:     25.14 MB capacity,    24.58 MB ( 98%) used,   474.98 KB (  2%) free+waste,   100.94 KB ( <1%) overhead. 
      Class:      3.64 MB capacity,     3.32 MB ( 91%) used,   280.20 KB (  8%) free+waste,    47.50 KB (  1%) overhead. 
       Both:     28.78 MB capacity,    27.90 MB ( 97%) used,   755.17 KB (  3%) free+waste,   148.44 KB ( <1%) overhead. 

Virtual space:
  Non-class space:       26.00 MB reserved,      25.17 MB ( 97%) committed 
      Class space:        1.00 GB reserved,       3.75 MB ( <1%) committed 
             Both:        1.03 GB reserved,      28.92 MB (  3%) committed 

Chunk freelists:
   Non-Class:  29.00 KB
       Class:  17.00 KB
        Both:  46.00 KB

MaxMetaspaceSize: 17179869184.00 GB
CompressedClassSpaceSize: 1.00 GB

CodeHeap 'non-profiled nmethods': size=120000Kb used=2335Kb max_used=2335Kb free=117664Kb
 bounds [0x000001fee0910000, 0x000001fee0b80000, 0x000001fee7e40000]
CodeHeap 'profiled nmethods': size=120000Kb used=7586Kb max_used=7586Kb free=112413Kb
 bounds [0x000001fed93e0000, 0x000001fed9b50000, 0x000001fee0910000]
CodeHeap 'non-nmethods': size=5760Kb used=1314Kb max_used=1450Kb free=4445Kb
 bounds [0x000001fed8e40000, 0x000001fed90b0000, 0x000001fed93e0000]
 total_blobs=4543 nmethods=3117 adapters=412
 compilation: enabled
              stopped_count=0, restarted_count=0
 full_count=0

Compilation events (20 events):
Event: 8.877 Thread 0x000001fef1395800 nmethod 2826 0x000001fee0b23e90 code [0x000001fee0b24060, 0x000001fee0b24568]
Event: 8.877 Thread 0x000001fef1395800 3013       4       org.antlr.v4.runtime.CodePointCharStream$CodePoint8BitCharStream::LA (98 bytes)
Event: 8.881 Thread 0x000001fef1395800 nmethod 3013 0x000001fee0b24990 code [0x000001fee0b24b20, 0x000001fee0b24c58]
Event: 8.881 Thread 0x000001fef1395800 2837       4       org.antlr.v4.runtime.misc.MurmurHash::update (75 bytes)
Event: 8.881 Thread 0x000001fef1395800 nmethod 2837 0x000001fee0b24d90 code [0x000001fee0b24f00, 0x000001fee0b24f78]
Event: 8.881 Thread 0x000001fef1395800 2897       4       org.antlr.v4.runtime.atn.ATNState::getNumberOfTransitions (10 bytes)
Event: 8.883 Thread 0x000001fef1395800 nmethod 2897 0x000001fee0b25090 code [0x000001fee0b25220, 0x000001fee0b252f8]
Event: 8.883 Thread 0x000001fef1395800 3011       4       org.antlr.v4.runtime.atn.ATNState::transition (14 bytes)
Event: 8.886 Thread 0x000001fef1395800 nmethod 3011 0x000001fee0b25410 code [0x000001fee0b255a0, 0x000001fee0b25818]
Event: 8.886 Thread 0x000001fef1395800 3122       4       java.util.ArrayList::iterator (9 bytes)
Event: 8.887 Thread 0x000001fef1395800 nmethod 3122 0x000001fee0b25a10 code [0x000001fee0b25ba0, 0x000001fee0b25c98]
Event: 8.887 Thread 0x000001fef1395800 2850       4       org.antlr.v4.runtime.misc.MurmurHash::finish (39 bytes)
Event: 8.887 Thread 0x000001fef1395800 nmethod 2850 0x000001fee0b25d90 code [0x000001fee0b25f00, 0x000001fee0b25f78]
Event: 8.888 Thread 0x000001fef1395800 2849       4       org.antlr.v4.runtime.misc.MurmurHash::initialize (2 bytes)
Event: 8.888 Thread 0x000001fef1395800 nmethod 2849 0x000001fee0b26090 code [0x000001fee0b26200, 0x000001fee0b26238]
Event: 8.888 Thread 0x000001fef1395800 3022       4       java.util.Objects::equals (23 bytes)
Event: 8.889 Thread 0x000001fef1395800 nmethod 3022 0x000001fee0b26390 code [0x000001fee0b26520, 0x000001fee0b26598]
Event: 8.889 Thread 0x000001fef1395800 2890       4       org.eclipse.jdt.launching.internal.org.objectweb.asm.ClassVisitor::visitField (24 bytes)
Event: 9.281 Thread 0x000001fef1395800 nmethod 2890 0x000001fee0b26690 code [0x000001fee0b269c0, 0x000001fee0b2c1c0]
Event: 9.371 Thread 0x000001feef5b6000 nmethod 2533% 0x000001fee0b2e690 code [0x000001fee0b2ee00, 0x000001fee0b4d3a8]

GC Heap History (20 events):
Event: 1.056 GC heap before
{Heap before GC invocations=0 (full 0):
 garbage-first heap   total 131072K, used 14336K [0x0000000081c00000, 0x0000000100000000)
  region size 1024K, 14 young (14336K), 0 survivors (0K)
 Metaspace       used 2924K, capacity 4845K, committed 5120K, reserved 1056768K
  class space    used 254K, capacity 443K, committed 512K, reserved 1048576K
}
Event: 1.063 GC heap after
{Heap after GC invocations=1 (full 0):
 garbage-first heap   total 131072K, used 8489K [0x0000000081c00000, 0x0000000100000000)
  region size 1024K, 2 young (2048K), 2 survivors (2048K)
 Metaspace       used 2924K, capacity 4845K, committed 5120K, reserved 1056768K
  class space    used 254K, capacity 443K, committed 512K, reserved 1048576K
}
Event: 2.427 GC heap before
{Heap before GC invocations=1 (full 0):
 garbage-first heap   total 131072K, used 19753K [0x0000000081c00000, 0x0000000100000000)
  region size 1024K, 13 young (13312K), 2 survivors (2048K)
 Metaspace       used 4211K, capacity 5554K, committed 5760K, reserved 1056768K
  class space    used 399K, capacity 530K, committed 640K, reserved 1048576K
}
Event: 2.431 GC heap after
{Heap after GC invocations=2 (full 0):
 garbage-first heap   total 131072K, used 9018K [0x0000000081c00000, 0x0000000100000000)
  region size 1024K, 1 young (1024K), 1 survivors (1024K)
 Metaspace       used 4211K, capacity 5554K, committed 5760K, reserved 1056768K
  class space    used 399K, capacity 530K, committed 640K, reserved 1048576K
}
Event: 2.932 GC heap before
{Heap before GC invocations=2 (full 0):
 garbage-first heap   total 131072K, used 35642K [0x0000000081c00000, 0x0000000100000000)
  region size 1024K, 27 young (27648K), 1 survivors (1024K)
 Metaspace       used 6950K, capacity 7686K, committed 7936K, reserved 1056768K
  class space    used 802K, capacity 988K, committed 1024K, reserved 1048576K
}
Event: 2.934 GC heap after
{Heap after GC invocations=3 (full 0):
 garbage-first heap   total 131072K, used 9553K [0x0000000081c00000, 0x0000000100000000)
  region size 1024K, 2 young (2048K), 2 survivors (2048K)
 Metaspace       used 6950K, capacity 7686K, committed 7936K, reserved 1056768K
  class space    used 802K, capacity 988K, committed 1024K, reserved 1048576K
}
Event: 3.617 GC heap before
{Heap before GC invocations=3 (full 0):
 garbage-first heap   total 131072K, used 50513K [0x0000000081c00000, 0x0000000100000000)
  region size 1024K, 42 young (43008K), 2 survivors (2048K)
 Metaspace       used 11081K, capacity 11617K, committed 11776K, reserved 1058816K
  class space    used 1317K, capacity 1510K, committed 1536K, reserved 1048576K
}
Event: 3.621 GC heap after
{Heap after GC invocations=4 (full 0):
 garbage-first heap   total 131072K, used 10821K [0x0000000081c00000, 0x0000000100000000)
  region size 1024K, 3 young (3072K), 3 survivors (3072K)
 Metaspace       used 11081K, capacity 11617K, committed 11776K, reserved 1058816K
  class space    used 1317K, capacity 1510K, committed 1536K, reserved 1048576K
}
Event: 5.228 GC heap before
{Heap before GC invocations=4 (full 0):
 garbage-first heap   total 131072K, used 85573K [0x0000000081c00000, 0x0000000100000000)
  region size 1024K, 76 young (77824K), 3 survivors (3072K)
 Metaspace       used 16041K, capacity 16717K, committed 16768K, reserved 1064960K
  class space    used 1876K, capacity 2139K, committed 2176K, reserved 1048576K
}
Event: 5.234 GC heap after
{Heap after GC invocations=5 (full 0):
 garbage-first heap   total 131072K, used 12501K [0x0000000081c00000, 0x0000000100000000)
  region size 1024K, 4 young (4096K), 4 survivors (4096K)
 Metaspace       used 16041K, capacity 16717K, committed 16768K, reserved 1064960K
  class space    used 1876K, capacity 2139K, committed 2176K, reserved 1048576K
}
Event: 5.995 GC heap before
{Heap before GC invocations=5 (full 0):
 garbage-first heap   total 131072K, used 64725K [0x0000000081c00000, 0x0000000100000000)
  region size 1024K, 56 young (57344K), 4 survivors (4096K)
 Metaspace       used 20435K, capacity 21167K, committed 21296K, reserved 1069056K
  class space    used 2363K, capacity 2644K, committed 2688K, reserved 1048576K
}
Event: 6.006 GC heap after
{Heap after GC invocations=6 (full 0):
 garbage-first heap   total 131072K, used 17621K [0x0000000081c00000, 0x0000000100000000)
  region size 1024K, 9 young (9216K), 9 survivors (9216K)
 Metaspace       used 20435K, capacity 21167K, committed 21296K, reserved 1069056K
  class space    used 2363K, capacity 2644K, committed 2688K, reserved 1048576K
}
Event: 6.451 GC heap before
{Heap before GC invocations=7 (full 0):
 garbage-first heap   total 65536K, used 47317K [0x0000000081c00000, 0x0000000100000000)
  region size 1024K, 38 young (38912K), 9 survivors (9216K)
 Metaspace       used 22742K, capacity 23535K, committed 23856K, reserved 1071104K
  class space    used 2621K, capacity 2900K, committed 2944K, reserved 1048576K
}
Event: 6.461 GC heap after
{Heap after GC invocations=8 (full 0):
 garbage-first heap   total 65536K, used 18704K [0x0000000081c00000, 0x0000000100000000)
  region size 1024K, 2 young (2048K), 2 survivors (2048K)
 Metaspace       used 22742K, capacity 23535K, committed 23856K, reserved 1071104K
  class space    used 2621K, capacity 2900K, committed 2944K, reserved 1048576K
}
Event: 6.915 GC heap before
{Heap before GC invocations=8 (full 0):
 garbage-first heap   total 65536K, used 47376K [0x0000000081c00000, 0x0000000100000000)
  region size 1024K, 31 young (31744K), 2 survivors (2048K)
 Metaspace       used 24783K, capacity 25594K, committed 25776K, reserved 1071104K
  class space    used 2910K, capacity 3209K, committed 3328K, reserved 1048576K
}
Event: 6.917 GC heap after
{Heap after GC invocations=9 (full 0):
 garbage-first heap   total 65536K, used 18203K [0x0000000081c00000, 0x0000000100000000)
  region size 1024K, 1 young (1024K), 1 survivors (1024K)
 Metaspace       used 24783K, capacity 25594K, committed 25776K, reserved 1071104K
  class space    used 2910K, capacity 3209K, committed 3328K, reserved 1048576K
}
Event: 7.615 GC heap before
{Heap before GC invocations=9 (full 0):
 garbage-first heap   total 65536K, used 49947K [0x0000000081c00000, 0x0000000100000000)
  region size 1024K, 32 young (32768K), 1 survivors (1024K)
 Metaspace       used 26670K, capacity 27550K, committed 27824K, reserved 1073152K
  class space    used 3182K, capacity 3513K, committed 3584K, reserved 1048576K
}
Event: 7.618 GC heap after
{Heap after GC invocations=10 (full 0):
 garbage-first heap   total 65536K, used 18918K [0x0000000081c00000, 0x0000000100000000)
  region size 1024K, 2 young (2048K), 2 survivors (2048K)
 Metaspace       used 26670K, capacity 27550K, committed 27824K, reserved 1073152K
  class space    used 3182K, capacity 3513K, committed 3584K, reserved 1048576K
}
Event: 107.199 GC heap before
{Heap before GC invocations=10 (full 0):
 garbage-first heap   total 65536K, used 49638K [0x0000000081c00000, 0x0000000100000000)
  region size 1024K, 32 young (32768K), 2 survivors (2048K)
 Metaspace       used 28453K, capacity 29346K, committed 29616K, reserved 1075200K
  class space    used 3396K, capacity 3727K, committed 3840K, reserved 1048576K
}
Event: 107.206 GC heap after
{Heap after GC invocations=11 (full 0):
 garbage-first heap   total 65536K, used 20087K [0x0000000081c00000, 0x0000000100000000)
  region size 1024K, 3 young (3072K), 3 survivors (3072K)
 Metaspace       used 28453K, capacity 29346K, committed 29616K, reserved 1075200K
  class space    used 3396K, capacity 3727K, committed 3840K, reserved 1048576K
}

Deoptimization events (20 events):
Event: 7.460 Thread 0x000001fed0891000 DEOPT PACKING pc=0x000001fed9983231 sp=0x0000007f446fb3e0
Event: 7.460 Thread 0x000001fed0891000 DEOPT UNPACKING pc=0x000001fed8e8964e sp=0x0000007f446fa918 mode 0
Event: 7.461 Thread 0x000001fed0891000 DEOPT PACKING pc=0x000001fed9983231 sp=0x0000007f446fb3e0
Event: 7.461 Thread 0x000001fed0891000 DEOPT UNPACKING pc=0x000001fed8e8964e sp=0x0000007f446fa918 mode 0
Event: 7.825 Thread 0x000001fed0891000 Uncommon trap: trap_request=0xffffffc6 fr.pc=0x000001fee09e37a4 relative=0x0000000000000d04
Event: 7.825 Thread 0x000001fed0891000 Uncommon trap: reason=bimorphic_or_optimized_type_check action=maybe_recompile pc=0x000001fee09e37a4 method=java.util.HashMap.putVal(ILjava/lang/Object;Ljava/lang/Object;ZZ)Ljava/lang/Object; @ 203 c2
Event: 7.825 Thread 0x000001fed0891000 DEOPT PACKING pc=0x000001fee09e37a4 sp=0x0000007f446fa4d0
Event: 7.825 Thread 0x000001fed0891000 DEOPT UNPACKING pc=0x000001fed8e8912f sp=0x0000007f446fa490 mode 2
Event: 7.856 Thread 0x000001fed0891000 Uncommon trap: trap_request=0xffffff45 fr.pc=0x000001fee0aa8868 relative=0x0000000000004fc8
Event: 7.856 Thread 0x000001fed0891000 Uncommon trap: reason=unstable_if action=reinterpret pc=0x000001fee0aa8868 method=org.eclipse.jdt.launching.internal.org.objectweb.asm.ClassReader.readMethod(Lorg/eclipse/jdt/launching/internal/org/objectweb/asm/ClassVisitor;Lorg/eclipse/jdt/launching/int
Event: 7.856 Thread 0x000001fed0891000 DEOPT PACKING pc=0x000001fee0aa8868 sp=0x0000007f446f8e60
Event: 7.856 Thread 0x000001fed0891000 DEOPT UNPACKING pc=0x000001fed8e8912f sp=0x0000007f446f8e68 mode 2
Event: 7.904 Thread 0x000001fed0891000 Uncommon trap: trap_request=0xffffff45 fr.pc=0x000001fee0af4d88 relative=0x00000000000013e8
Event: 7.904 Thread 0x000001fed0891000 Uncommon trap: reason=unstable_if action=reinterpret pc=0x000001fee0af4d88 method=org.eclipse.jdt.launching.internal.org.objectweb.asm.FieldWriter.putFieldInfo(Lorg/eclipse/jdt/launching/internal/org/objectweb/asm/ByteVector;)V @ 135 c2
Event: 7.904 Thread 0x000001fed0891000 DEOPT PACKING pc=0x000001fee0af4d88 sp=0x0000007f446f4c40
Event: 7.904 Thread 0x000001fed0891000 DEOPT UNPACKING pc=0x000001fed8e8912f sp=0x0000007f446f4c48 mode 2
Event: 7.904 Thread 0x000001fed0891000 Uncommon trap: trap_request=0xffffff45 fr.pc=0x000001fee0a9c72c relative=0x0000000000000d2c
Event: 7.904 Thread 0x000001fed0891000 Uncommon trap: reason=unstable_if action=reinterpret pc=0x000001fee0a9c72c method=org.eclipse.jdt.launching.internal.org.objectweb.asm.AnnotationWriter.putAnnotations(Lorg/eclipse/jdt/launching/internal/org/objectweb/asm/SymbolTable;Lorg/eclipse/jdt/launc
Event: 7.904 Thread 0x000001fed0891000 DEOPT PACKING pc=0x000001fee0a9c72c sp=0x0000007f446f4b70
Event: 7.904 Thread 0x000001fed0891000 DEOPT UNPACKING pc=0x000001fed8e8912f sp=0x0000007f446f4bb0 mode 2

Classes unloaded (0 events):
No events

Classes redefined (3 events):
Event: 107.306 Thread 0x000001feef593000 redefined class name=com.graphql_java_generator.plugin.DocumentParser, count=1
Event: 138.653 Thread 0x000001feef593000 redefined class name=com.graphql_java_generator.plugin.DocumentParser, count=2
Event: 144.333 Thread 0x000001feef593000 redefined class name=com.graphql_java_generator.plugin.DocumentParser, count=3

Internal exceptions (20 events):
Event: 3.714 Thread 0x000001fed0891000 Exception <a 'java/lang/NoSuchMethodError'{0x00000000896984a0}: 'int java.lang.invoke.DirectMethodHandle$Holder.invokeInterface(java.lang.Object, java.lang.Object)'> (0x00000000896984a0) 
thrown [t:/workspace/open/src/hotspot/share/interpreter/linkResolver.cpp, line 767]
Event: 3.766 Thread 0x000001fed0891000 Exception <a 'java/lang/NoSuchMethodError'{0x00000000893fdd28}: 'int java.lang.invoke.DirectMethodHandle$Holder.invokeSpecial(java.lang.Object, java.lang.Object, java.lang.Object, java.lang.Object)'> (0x00000000893fdd28) 
thrown [t:/workspace/open/src/hotspot/share/interpreter/linkResolver.cpp, line 767]
Event: 5.300 Thread 0x000001fed0891000 Exception <a 'java/lang/NoClassDefFoundError'{0x000000008973d538}: org/apache/log/format/Formatter> (0x000000008973d538) 
thrown [t:/workspace/open/src/hotspot/share/classfile/systemDictionary.cpp, line 221]
Event: 5.302 Thread 0x000001fed0891000 Exception <a 'java/lang/NoClassDefFoundError'{0x0000000089768750}: org/apache/log4j/Layout> (0x0000000089768750) 
thrown [t:/workspace/open/src/hotspot/share/classfile/systemDictionary.cpp, line 221]
Event: 5.436 Thread 0x000001fed0891000 Exception <a 'java/lang/NoClassDefFoundError'{0x0000000088dad078}: org/apache/log/format/Formatter> (0x0000000088dad078) 
thrown [t:/workspace/open/src/hotspot/share/classfile/systemDictionary.cpp, line 221]
Event: 5.437 Thread 0x000001fed0891000 Exception <a 'java/lang/NoClassDefFoundError'{0x0000000088db9668}: org/apache/log4j/Layout> (0x0000000088db9668) 
thrown [t:/workspace/open/src/hotspot/share/classfile/systemDictionary.cpp, line 221]
Event: 5.627 Thread 0x000001fed0891000 Exception <a 'java/lang/NoSuchMethodError'{0x0000000087f04ed0}: 'void java.lang.invoke.DirectMethodHandle$Holder.invokeStatic(java.lang.Object, java.lang.Object, java.lang.Object, java.lang.Object, java.lang.Object, java.lang.Object)'> (0x0000000087f04ed0) 
thrown [t:/workspace/open/src/hotspot/share/interpreter/linkResolver.cpp, line 767]
Event: 5.645 Thread 0x000001fed0891000 Exception <a 'java/lang/NoSuchMethodError'{0x0000000087f78258}: 'java.lang.Object java.lang.invoke.DirectMethodHandle$Holder.invokeStaticInit(java.lang.Object, java.lang.Object, int)'> (0x0000000087f78258) 
thrown [t:/workspace/open/src/hotspot/share/interpreter/linkResolver.cpp, line 767]
Event: 5.651 Thread 0x000001fed0891000 Exception <a 'java/lang/NoSuchMethodError'{0x0000000087ff4f28}: 'java.lang.Object java.lang.invoke.DirectMethodHandle$Holder.newInvokeSpecial(java.lang.Object, java.lang.Object, java.lang.Object)'> (0x0000000087ff4f28) 
thrown [t:/workspace/open/src/hotspot/share/interpreter/linkResolver.cpp, line 767]
Event: 5.714 Thread 0x000001fed0891000 Exception <a 'java/lang/NoSuchMethodError'{0x0000000087a27b90}: 'void java.lang.invoke.DirectMethodHandle$Holder.invokeStaticInit(java.lang.Object, java.lang.Object, java.lang.Object, java.lang.Object)'> (0x0000000087a27b90) 
thrown [t:/workspace/open/src/hotspot/share/interpreter/linkResolver.cpp, line 767]
Event: 5.715 Thread 0x000001fed0891000 Exception <a 'java/lang/NoSuchMethodError'{0x0000000087a2f730}: 'void java.lang.invoke.DirectMethodHandle$Holder.invokeStaticInit(java.lang.Object, java.lang.Object)'> (0x0000000087a2f730) 
thrown [t:/workspace/open/src/hotspot/share/interpreter/linkResolver.cpp, line 767]
Event: 6.082 Thread 0x000001fed0891000 Implicit null exception at 0x000001fee09adafd to 0x000001fee09adc26
Event: 6.564 Thread 0x000001fed0891000 Exception <a 'java/lang/NoSuchMethodError'{0x00000000861f8b30}: 'long java.lang.invoke.DirectMethodHandle$Holder.invokeStatic(java.lang.Object, java.lang.Object)'> (0x00000000861f8b30) 
thrown [t:/workspace/open/src/hotspot/share/interpreter/linkResolver.cpp, line 767]
Event: 6.565 Thread 0x000001fed0891000 Exception <a 'java/lang/NoSuchMethodError'{0x00000000861fc2d8}: 'long java.lang.invoke.DirectMethodHandle$Holder.invokeStaticInit(java.lang.Object, java.lang.Object)'> (0x00000000861fc2d8) 
thrown [t:/workspace/open/src/hotspot/share/interpreter/linkResolver.cpp, line 767]
Event: 6.568 Thread 0x000001fed0891000 Exception <a 'java/lang/NoSuchMethodError'{0x00000000860094c0}: 'long java.lang.invoke.DirectMethodHandle$Holder.invokeInterface(java.lang.Object, java.lang.Object)'> (0x00000000860094c0) 
thrown [t:/workspace/open/src/hotspot/share/interpreter/linkResolver.cpp, line 767]
Event: 6.568 Thread 0x000001fed0891000 Exception <a 'java/lang/IncompatibleClassChangeError'{0x000000008600ca88}: Found class java.lang.Object, but interface was expected> (0x000000008600ca88) 
thrown [t:/workspace/open/src/hotspot/share/interpreter/linkResolver.cpp, line 833]
Event: 6.595 Thread 0x000001fed0891000 Exception <a 'java/lang/NoSuchMethodError'{0x0000000085111d00}: 'java.lang.Object java.lang.invoke.DirectMethodHandle$Holder.invokeVirtual(java.lang.Object, java.lang.Object, java.lang.Object, java.lang.Object)'> (0x0000000085111d00) 
thrown [t:/workspace/open/src/hotspot/share/interpreter/linkResolver.cpp, line 767]
Event: 6.601 Thread 0x000001fed0891000 Exception <a 'java/lang/NoSuchMethodError'{0x000000008519a9d8}: 'java.lang.Object java.lang.invoke.DirectMethodHandle$Holder.invokeStaticInit(java.lang.Object, java.lang.Object, java.lang.Object, java.lang.Object, java.lang.Object)'> (0x000000008519a9d8) 
thrown [t:/workspace/open/src/hotspot/share/interpreter/linkResolver.cpp, line 767]
Event: 6.770 Thread 0x000001fed0891000 Exception <a 'java/lang/NoSuchMethodError'{0x000000008466abb0}: 'int java.lang.invoke.DirectMethodHandle$Holder.invokeVirtual(java.lang.Object, java.lang.Object, java.lang.Object)'> (0x000000008466abb0) 
thrown [t:/workspace/open/src/hotspot/share/interpreter/linkResolver.cpp, line 767]
Event: 144.391 Thread 0x000001fef01a9800 Exception <a 'java/lang/LinkageError'{0x0000000089bd0ea0}> (0x0000000089bd0ea0) 
thrown [t:/workspace/open/src/hotspot/share/oops/generateOopMap.cpp, line 2140]

Events (20 events):
Event: 144.369 Executing VM operation: ChangeBreakpoints
Event: 144.372 Executing VM operation: ChangeBreakpoints done
Event: 144.383 Executing VM operation: ChangeBreakpoints
Event: 144.386 Executing VM operation: ChangeBreakpoints done
Event: 144.388 Executing VM operation: GetFrameCount
Event: 144.388 Executing VM operation: GetFrameCount done
Event: 144.389 Executing VM operation: GetStackTrace
Event: 144.389 Executing VM operation: GetStackTrace done
Event: 144.390 Executing VM operation: GetFrameCount
Event: 144.390 Executing VM operation: GetFrameCount done
Event: 144.390 Executing VM operation: SetFramePop
Event: 144.391 Executing VM operation: SetFramePop done
Event: 144.391 Executing VM operation: GetFrameLocation
Event: 144.391 Executing VM operation: GetFrameLocation done
Event: 144.391 Executing VM operation: GetCurrentLocation
Event: 144.391 Executing VM operation: GetCurrentLocation done
Event: 144.391 Executing VM operation: ChangeSingleStep
Event: 144.391 Executing VM operation: ChangeSingleStep done
Event: 144.391 Executing VM operation: GetFrameLocation
Event: 144.391 Executing VM operation: GetFrameLocation done


Dynamic libraries:
0x00007ff7b4a50000 - 0x00007ff7b4a5d000 	C:\APPLIRTE64\appli\java\jdk\bin\javaw.exe
0x00007ffdc3e20000 - 0x00007ffdc4010000 	C:\WINDOWS\SYSTEM32\ntdll.dll
0x00007ffdc3c70000 - 0x00007ffdc3d22000 	C:\WINDOWS\System32\KERNEL32.DLL
0x00007ffdc1300000 - 0x00007ffdc15a5000 	C:\WINDOWS\System32\KERNELBASE.dll
0x00007ffdc0e60000 - 0x00007ffdc0f5a000 	C:\WINDOWS\System32\ucrtbase.dll
0x00007ffdb5450000 - 0x00007ffdb5468000 	C:\APPLIRTE64\appli\java\jdk\bin\jli.dll
0x00007ffdba5e0000 - 0x00007ffdba5f5000 	C:\APPLIRTE64\appli\java\jdk\bin\VCRUNTIME140.dll
0x00007ffdc3100000 - 0x00007ffdc3294000 	C:\WINDOWS\System32\USER32.dll
0x00007ffdc0d90000 - 0x00007ffdc0db1000 	C:\WINDOWS\System32\win32u.dll
0x00007ffda5c50000 - 0x00007ffda5ed4000 	C:\WINDOWS\WinSxS\amd64_microsoft.windows.common-controls_6595b64144ccf1df_6.0.18362.1440_none_9e7dbfb9e45e8e67\COMCTL32.dll
0x00007ffdc36e0000 - 0x00007ffdc3706000 	C:\WINDOWS\System32\GDI32.dll
0x00007ffdc35a0000 - 0x00007ffdc363e000 	C:\WINDOWS\System32\msvcrt.dll
0x00007ffdc15b0000 - 0x00007ffdc1748000 	C:\WINDOWS\System32\gdi32full.dll
0x00007ffdc0dc0000 - 0x00007ffdc0e5e000 	C:\WINDOWS\System32\msvcp_win.dll
0x00007ffdc3920000 - 0x00007ffdc3c56000 	C:\WINDOWS\System32\combase.dll
0x00007ffdc1f70000 - 0x00007ffdc208f000 	C:\WINDOWS\System32\RPCRT4.dll
0x00007ffdc1240000 - 0x00007ffdc12c1000 	C:\WINDOWS\System32\bcryptPrimitives.dll
0x00007ffdc1f30000 - 0x00007ffdc1f5e000 	C:\WINDOWS\System32\IMM32.DLL
0x00007ffd9e760000 - 0x00007ffd9e812000 	C:\Program Files\McAfee\Endpoint Security\Threat Prevention\Ips\EpMPApi.dll
0x00007ffdc37f0000 - 0x00007ffdc3893000 	C:\WINDOWS\System32\ADVAPI32.dll
0x00007ffdc3640000 - 0x00007ffdc36d7000 	C:\WINDOWS\System32\sechost.dll
0x00007ffdc1060000 - 0x00007ffdc10bc000 	C:\WINDOWS\System32\WINTRUST.dll
0x00007ffdc0d20000 - 0x00007ffdc0d32000 	C:\WINDOWS\System32\MSASN1.dll
0x00007ffdc10c0000 - 0x00007ffdc1211000 	C:\WINDOWS\System32\CRYPT32.dll
0x00000000546b0000 - 0x00000000546bc000 	C:\Program Files\McAfee\Endpoint Security\Threat Prevention\Ips\EpMPThe.dll
0x00007ffd8fd30000 - 0x00007ffd8fdcb000 	C:\APPLIRTE64\appli\java\jdk\bin\msvcp140.dll
0x00007ffd70ae0000 - 0x00007ffd7163d000 	C:\APPLIRTE64\appli\java\jdk\bin\server\jvm.dll
0x00007ffdc32a0000 - 0x00007ffdc32a8000 	C:\WINDOWS\System32\PSAPI.DLL
0x00007ffdbd780000 - 0x00007ffdbd7a4000 	C:\WINDOWS\SYSTEM32\WINMM.dll
0x00007ffdb3790000 - 0x00007ffdb379a000 	C:\WINDOWS\SYSTEM32\VERSION.dll
0x00007ffdbc890000 - 0x00007ffdbc899000 	C:\WINDOWS\SYSTEM32\WSOCK32.dll
0x00007ffdc3780000 - 0x00007ffdc37ef000 	C:\WINDOWS\System32\WS2_32.dll
0x00007ffdbd750000 - 0x00007ffdbd77d000 	C:\WINDOWS\SYSTEM32\winmmbase.dll
0x00007ffdc1010000 - 0x00007ffdc105a000 	C:\WINDOWS\System32\cfgmgr32.dll
0x00007ffdc0ce0000 - 0x00007ffdc0cf1000 	C:\WINDOWS\System32\kernel.appcore.dll
0x00007ffdba5a0000 - 0x00007ffdba5b0000 	C:\APPLIRTE64\appli\java\jdk\bin\verify.dll
0x00007ffdbf420000 - 0x00007ffdbf614000 	C:\WINDOWS\SYSTEM32\DBGHELP.DLL
0x00007ffda9370000 - 0x00007ffda939a000 	C:\WINDOWS\SYSTEM32\dbgcore.DLL
0x00007ffdb4fc0000 - 0x00007ffdb4fe6000 	C:\APPLIRTE64\appli\java\jdk\bin\java.dll
0x00007ffdb9ab0000 - 0x00007ffdb9ae8000 	C:\APPLIRTE64\appli\java\jdk\bin\jdwp.dll
0x00007ffdb5010000 - 0x00007ffdb501e000 	C:\APPLIRTE64\appli\java\jdk\bin\instrument.dll
0x00007ffdb3130000 - 0x00007ffdb3147000 	C:\APPLIRTE64\appli\java\jdk\bin\zip.dll
0x00007ffdb9dc0000 - 0x00007ffdb9dca000 	C:\APPLIRTE64\appli\java\jdk\bin\jimage.dll
0x00007ffdc2160000 - 0x00007ffdc2848000 	C:\WINDOWS\System32\SHELL32.dll
0x00007ffdc29b0000 - 0x00007ffdc2a57000 	C:\WINDOWS\System32\shcore.dll
0x00007ffdc1750000 - 0x00007ffdc1ecb000 	C:\WINDOWS\System32\windows.storage.dll
0x00007ffdc0d00000 - 0x00007ffdc0d1e000 	C:\WINDOWS\System32\profapi.dll
0x00007ffdc0d40000 - 0x00007ffdc0d8a000 	C:\WINDOWS\System32\powrprof.dll
0x00007ffdc0cd0000 - 0x00007ffdc0ce0000 	C:\WINDOWS\System32\UMPDC.dll
0x00007ffdc2b60000 - 0x00007ffdc2bb2000 	C:\WINDOWS\System32\shlwapi.dll
0x00007ffdc1220000 - 0x00007ffdc1237000 	C:\WINDOWS\System32\cryptsp.dll
0x00007ffdbdc30000 - 0x00007ffdbdc3b000 	C:\APPLIRTE64\appli\java\jdk\bin\dt_socket.dll
0x00007ffdc0510000 - 0x00007ffdc0577000 	C:\WINDOWS\system32\mswsock.dll
0x00007ffdc0200000 - 0x00007ffdc02cb000 	C:\WINDOWS\SYSTEM32\DNSAPI.dll
0x00007ffdc3c60000 - 0x00007ffdc3c68000 	C:\WINDOWS\System32\NSI.dll
0x00007ffdc01c0000 - 0x00007ffdc01fa000 	C:\WINDOWS\SYSTEM32\IPHLPAPI.DLL
0x00007ffdb8950000 - 0x00007ffdb895a000 	C:\Windows\System32\rasadhlp.dll
0x00007ffdba510000 - 0x00007ffdba587000 	C:\WINDOWS\System32\fwpuclnt.dll
0x00007ffdc12d0000 - 0x00007ffdc12f6000 	C:\WINDOWS\System32\bcrypt.dll
0x00007ffda6ed0000 - 0x00007ffda6ee9000 	C:\APPLIRTE64\appli\java\jdk\Bin\net.dll
0x00007ffdb2ed0000 - 0x00007ffdb2fca000 	C:\WINDOWS\SYSTEM32\WINHTTP.dll
0x00007ffda6240000 - 0x00007ffda6253000 	C:\APPLIRTE64\appli\java\jdk\Bin\nio.dll
0x00007ffdbe8e0000 - 0x00007ffdbe8f6000 	C:\WINDOWS\SYSTEM32\dhcpcsvc6.DLL
0x00007ffdbe8c0000 - 0x00007ffdbe8dc000 	C:\WINDOWS\SYSTEM32\dhcpcsvc.DLL
0x00007ffdb9af0000 - 0x00007ffdb9af9000 	C:\APPLIRTE64\appli\java\jdk\Bin\management.dll
0x00007ffdb9970000 - 0x00007ffdb997b000 	C:\APPLIRTE64\appli\java\jdk\Bin\management_ext.dll

dbghelp: loaded successfully - version: 4.0.5 - missing functions: none
symbol engine: initialized successfully - sym options: 0x614 - pdb path: .;C:\APPLIRTE64\appli\java\jdk\bin;C:\WINDOWS\SYSTEM32;C:\WINDOWS\WinSxS\amd64_microsoft.windows.common-controls_6595b64144ccf1df_6.0.18362.1440_none_9e7dbfb9e45e8e67;C:\Program Files\McAfee\Endpoint Security\Threat Prevention\Ips;C:\APPLIRTE64\appli\java\jdk\bin\server

VM Arguments:
jvm_args: -agentlib:jdwp=transport=dt_socket,suspend=y,address=localhost:52592 -ea -javaagent:C:\APPLIRTE64\appli\eclipse\eclipse 2020-09 (java)\configuration\org.eclipse.osgi\526\0\.cp\lib\javaagent-shaded.jar -Dfile.encoding=UTF-8 
java_command: org.eclipse.jdt.internal.junit.runner.RemoteTestRunner -version 3 -port 52591 -testLoaderClass org.eclipse.jdt.internal.junit5.runner.JUnit5TestLoader -loaderpluginname org.eclipse.jdt.junit5.runtime -test com.graphql_java_generator.plugin.compilation_tests.AllGraphQLCasesClient_separateUtilityClasses_Test:testGenerateCode -uniqueId [engine:junit-jupiter]/[class:com.graphql_java_generator.plugin.compilation_tests.AllGraphQLCasesClient_separateUtilityClasses_Test]/[method:testGenerateCode()]
java_class_path (initial): C:\APPLIRTE64\git\graphql-maven-plugin-project\graphql-maven-plugin-logic\target\test-classes;C:\APPLIRTE64\git\graphql-maven-plugin-project\graphql-maven-plugin-logic\target\classes;C:\APPLIRTE64\git\graphql-maven-plugin-project\graphql-java-runtime\target\classes;C:\Users\gauthiereti\.m2\repository\org\springframework\boot\spring-boot-starter-webflux\2.4.0\spring-boot-starter-webflux-2.4.0.jar;C:\Users\gauthiereti\.m2\repository\org\springframework\boot\spring-boot-starter-reactor-netty\2.4.0\spring-boot-starter-reactor-netty-2.4.0.jar;C:\Users\gauthiereti\.m2\repository\io\projectreactor\netty\reactor-netty-http\1.0.1\reactor-netty-http-1.0.1.jar;C:\Users\gauthiereti\.m2\repository\io\netty\netty-codec-http\4.1.54.Final\netty-codec-http-4.1.54.Final.jar;C:\Users\gauthiereti\.m2\repository\io\netty\netty-common\4.1.54.Final\netty-common-4.1.54.Final.jar;C:\Users\gauthiereti\.m2\repository\io\netty\netty-buffer\4.1.54.Final\netty-buffer-4.1.54.Final.jar;C:\Users\gauthiereti\.m2\repository\io\netty\netty-transport\4.1.54.Final\netty-transport-4.1.54.Final.jar;C:\Users\gauthiereti\.m2\repository\io\netty\netty-codec\4.1.54.Final\netty-codec-4.1.54.Final.jar;C:\Users\gauthiereti\.m2\repository\io\netty\netty-handler\4.1.54.Final\netty-handler-4.1.54.Final.jar;C:\Users\gauthiereti\.m2\repository\io\netty\netty-codec-http2\4.1.54.Final\netty-codec-http2-4.1.54.Final.jar;C:\Users\gauthiereti\.m2\repository\io\netty\netty-resolver-dns\4.1.54.Final\netty-resolver-dns-4.1.54.Final.jar;C:\Users\gauthiereti\.m2\repository\io\netty\netty-resolver\4.1.54.Final\netty-resolver-4.1.54.Final.jar;C:\Users\gauthiereti\.m2\repository\io\netty\netty-codec-dns\4.1.54.Final\netty-codec-dns-4.1.54.Final.jar;C:\Users\gauthiereti\.m2\repository\io\netty\netty-transport-native-epoll\4.1.54.Final\netty-transport-native-epoll-4.1.54.Final-linux-x86_64.jar;C:\Users\gauthiereti\.m2\repository\io\netty\netty-transport-native-unix-common\4.1.54.Final\netty-transport-na
Launcher Type: SUN_STANDARD

[Global flags]
     intx CICompilerCount                          = 3                                         {product} {ergonomic}
     uint ConcGCThreads                            = 1                                         {product} {ergonomic}
     uint G1ConcRefinementThreads                  = 4                                         {product} {ergonomic}
   size_t G1HeapRegionSize                         = 1048576                                   {product} {ergonomic}
    uintx GCDrainStackTargetSize                   = 64                                        {product} {ergonomic}
   size_t InitialHeapSize                          = 134217728                                 {product} {ergonomic}
   size_t MarkStackSize                            = 4194304                                   {product} {ergonomic}
   size_t MaxHeapSize                              = 2118123520                                {product} {ergonomic}
   size_t MaxNewSize                               = 1270874112                                {product} {ergonomic}
   size_t MinHeapDeltaBytes                        = 1048576                                   {product} {ergonomic}
   size_t MinHeapSize                              = 8388608                                   {product} {ergonomic}
    uintx NonNMethodCodeHeapSize                   = 5832780                                {pd product} {ergonomic}
    uintx NonProfiledCodeHeapSize                  = 122912730                              {pd product} {ergonomic}
    uintx ProfiledCodeHeapSize                     = 122912730                              {pd product} {ergonomic}
    uintx ReservedCodeCacheSize                    = 251658240                              {pd product} {ergonomic}
     bool SegmentedCodeCache                       = true                                      {product} {ergonomic}
   size_t SoftMaxHeapSize                          = 2118123520                             {manageable} {ergonomic}
     bool UseCompressedClassPointers               = true                                 {lp64_product} {ergonomic}
     bool UseCompressedOops                        = true                                 {lp64_product} {ergonomic}
     bool UseG1GC                                  = true                                      {product} {ergonomic}
     bool UseLargePagesIndividualAllocation        = false                                  {pd product} {ergonomic}

Logging:
Log output configuration:
 #0: stdout all=warning uptime,level,tags
 #1: stderr all=off uptime,level,tags

Environment Variables:
JAVA_HOME=C:\APPLIRTE64\appli\java\jdk
PATH=C:\Program Files (x86)\Business Objects\Common\3.5\bin\;C:\SIOUTILS\ORACLE_32.110200\bin;C:\WINDOWS\system32;C:\WINDOWS;C:\WINDOWS\System32\Wbem;C:\WINDOWS\System32\WindowsPowerShell\v1.0\;C:\WINDOWS\System32\OpenSSH\;%SystemRoot%\system32;%SystemRoot%;%SystemRoot%\System32\Wbem;%SYSTEMROOT%\System32\WindowsPowerShell\v1.0\;%SYSTEMROOT%\System32\OpenSSH\;C:\APPLIRTE64\appli\Python\Python38\Scripts\;C:\APPLIRTE64\appli\Python\Python38\;C:\Users\gauthiereti\AppData\Local\Programs\Python\Launcher\;C:\APPLIRTE64\appli\bat;C:\Users\gauthiereti\AppData\Local\Microsoft\WindowsApps;C:\APPLIRTE64\appli\java\apache-maven\Bin;C:\APPLIRTE64\appli\gradle\Bin;C:\APPLIRTE64\appli\git\Bin;C:\APPLIRTE64\appli\java\jdk\Bin;C:\APPLIRTE64\appli\GnuPG\bin;C:\APPLIRTE64\appli\GnuPG\lib;C:\APPLIRTE64\appli\Gpg4win\..\GnuPG\bin;C:\APPLIRTE64\appli\bat\GnuWin32\bin;
USERNAME=gauthiereti
OS=Windows_NT
PROCESSOR_IDENTIFIER=Intel64 Family 6 Model 78 Stepping 3, GenuineIntel



---------------  S Y S T E M  ---------------

OS: Windows 10 , 64 bit Build 18362 (10.0.18362.1350)

CPU:total 4 (initial active 4) (2 cores per cpu, 2 threads per core) family 6 model 78 stepping 3, cmov, cx8, fxsr, mmx, sse, sse2, sse3, ssse3, sse4.1, sse4.2, popcnt, avx, avx2, aes, clmul, erms, rtm, 3dnowpref, lzcnt, ht, tsc, tscinvbit, bmi1, bmi2, adx, fma

Memory: 4k page, system-wide physical 8072M (1269M free)
TotalPageFile size 17360M (AvailPageFile size 3226M)
current process WorkingSet (physical memory assigned to process): 153M, peak: 283M
current process commit charge ("private bytes"): 197M, peak: 329M

vm_info: OpenJDK 64-Bit Server VM (13.0.2+8) for windows-amd64 JRE (13.0.2+8), built on Dec 11 2019 09:20:05 by "mach5one" with unknown MS VC++:1916

END.
